{
  "RSpec": {
    "coverage": {
      "/Users/Viktor/CraftAcademy/legacy_code_june_2020/app/models/user.rb": [
        1,
        null,
        null,
        1,
        null,
        null,
        1,
        1,
        1,
        null,
        1,
        null,
        1,
        0,
        null,
        null,
        1,
        0,
        null,
        null
      ],
      "/Users/Viktor/CraftAcademy/legacy_code_june_2020/app/models/application_record.rb": [
        1,
        1,
        null
      ],
      "/Users/Viktor/CraftAcademy/legacy_code_june_2020/app/helpers/application_helper.rb": [
        1,
        1,
        0,
        0,
        0,
        0,
        0,
        null,
        null,
        1,
        21,
        null,
        null
      ],
      "/Users/Viktor/CraftAcademy/legacy_code_june_2020/app/helpers/mailbox_helper.rb": [
        1,
        1,
        null,
        null,
        7,
        null,
        null
      ],
      "/Users/Viktor/CraftAcademy/legacy_code_june_2020/app/controllers/conversations_controller.rb": [
        1,
        1,
        null,
        1,
        null,
        null,
        1,
        0,
        0,
        0,
        0,
        null,
        null,
        1,
        3,
        null,
        3,
        null,
        null,
        1,
        0,
        0,
        0,
        null,
        null,
        1,
        2,
        2,
        null,
        null,
        1,
        1,
        1,
        null,
        null,
        1,
        null,
        1,
        0,
        null,
        null,
        1,
        0,
        null,
        null,
        null
      ],
      "/Users/Viktor/CraftAcademy/legacy_code_june_2020/app/controllers/application_controller.rb": [
        1,
        null,
        null,
        1,
        null,
        1,
        null,
        1,
        null,
        1,
        null,
        1,
        17,
        null,
        null,
        1,
        18,
        null,
        null,
        1,
        null,
        1,
        0,
        null,
        null
      ],
      "/Users/Viktor/CraftAcademy/legacy_code_june_2020/app/controllers/mailbox_controller.rb": [
        1,
        1,
        null,
        1,
        4,
        4,
        null,
        null,
        1,
        0,
        0,
        null,
        null,
        1,
        0,
        0,
        null,
        null
      ],
      "/Users/Viktor/CraftAcademy/legacy_code_june_2020/app/controllers/welcome_controller.rb": [
        0,
        0,
        0,
        0
      ]
    },
    "timestamp": 1593262870
  }
}
